0 info it worked if it ends with ok
1 verbose cli [ '/usr/local/Cellar/node/7.7.1/bin/node',
1 verbose cli   '/usr/local/bin/npm',
1 verbose cli   'start' ]
2 info using npm@4.1.2
3 info using node@v7.7.1
4 verbose run-script [ 'prestart', 'start', 'poststart' ]
5 info lifecycle bare-rails-react@1.0.0~prestart: bare-rails-react@1.0.0
6 silly lifecycle bare-rails-react@1.0.0~prestart: no script for prestart, continuing
7 info lifecycle bare-rails-react@1.0.0~start: bare-rails-react@1.0.0
8 verbose lifecycle bare-rails-react@1.0.0~start: unsafe-perm in lifecycle true
9 verbose lifecycle bare-rails-react@1.0.0~start: PATH: /usr/local/lib/node_modules/npm/bin/node-gyp-bin:/Users/marclevetin/Dropbox/myukuleleinfo/node_modules/.bin:/Users/marclevetin/.gem/ruby/2.3.3/bin:/Users/marclevetin/.rubies/ruby-2.3.3/lib/ruby/gems/2.3.0/bin:/Users/marclevetin/.rubies/ruby-2.3.3/bin:/usr/local/bin:/usr/bin:/bin:/usr/sbin:/sbin:/Applications/Postgres.app/Contents/Versions/9.6/bin
10 verbose lifecycle bare-rails-react@1.0.0~start: CWD: /Users/marclevetin/Dropbox/myukuleleinfo
11 silly lifecycle bare-rails-react@1.0.0~start: Args: [ '-c', 'yarn run webpack -- --watch' ]
12 info lifecycle bare-rails-react@1.0.0~start: Failed to exec start script
13 verbose stack Error: bare-rails-react@1.0.0 start: `yarn run webpack -- --watch`
13 verbose stack spawn ENOENT
13 verbose stack     at ChildProcess.<anonymous> (/usr/local/lib/node_modules/npm/lib/utils/spawn.js:33:16)
13 verbose stack     at emitTwo (events.js:106:13)
13 verbose stack     at ChildProcess.emit (events.js:194:7)
13 verbose stack     at maybeClose (internal/child_process.js:899:16)
13 verbose stack     at Process.ChildProcess._handle.onexit (internal/child_process.js:226:5)
14 verbose pkgid bare-rails-react@1.0.0
15 verbose cwd /Users/marclevetin/Dropbox/myukuleleinfo
16 error Darwin 16.5.0
17 error argv "/usr/local/Cellar/node/7.7.1/bin/node" "/usr/local/bin/npm" "start"
18 error node v7.7.1
19 error npm  v4.1.2
20 error file sh
21 error code ELIFECYCLE
22 error errno ENOENT
23 error syscall spawn
24 error bare-rails-react@1.0.0 start: `yarn run webpack -- --watch`
24 error spawn ENOENT
25 error Failed at the bare-rails-react@1.0.0 start script 'yarn run webpack -- --watch'.
25 error Make sure you have the latest version of node.js and npm installed.
25 error If you do, this is most likely a problem with the bare-rails-react package,
25 error not with npm itself.
25 error Tell the author that this fails on your system:
25 error     yarn run webpack -- --watch
25 error You can get information on how to open an issue for this project with:
25 error     npm bugs bare-rails-react
25 error Or if that isn't available, you can get their info via:
25 error     npm owner ls bare-rails-react
25 error There is likely additional logging output above.
26 verbose exit [ 1, true ]
